[2025-08-28 20:19:22,119] INFO: Сервер запущен на порту 8000
[2025-08-28 20:19:35,849] INFO: Сервер остановлен.
[2025-08-28 20:31:55,757] INFO: Сервер запущен на порту 8000
[2025-08-28 20:32:38,718] INFO: Действие: Отдан статический файл: /
[2025-08-28 20:32:38,771] INFO: Действие: Отдан статический файл: /style.css
[2025-08-28 20:32:38,967] INFO: Действие: Отдан статический файл: /script.js
[2025-08-28 20:32:39,327] WARNING: Действие: Файл не найден: /assets/images/dog2.png
[2025-08-28 20:32:39,343] WARNING: Действие: Файл не найден: /assets/images/cat.png
[2025-08-28 20:32:39,588] WARNING: Действие: Файл не найден: /favicon.ico
[2025-08-28 20:32:46,632] INFO: Действие: Отдан статический файл: /
[2025-08-28 20:32:46,658] INFO: Действие: Отдан статический файл: /style.css
[2025-08-28 20:32:46,886] INFO: Действие: Отдан статический файл: /script.js
[2025-08-28 20:32:46,994] WARNING: Действие: Файл не найден: /assets/images/dog2.png
[2025-08-28 20:32:47,199] WARNING: Действие: Файл не найден: /assets/images/bird.png
[2025-08-28 20:32:49,015] INFO: Действие: Отдан статический файл: /
[2025-08-28 20:32:49,032] INFO: Действие: Отдан статический файл: /style.css
[2025-08-28 20:32:49,281] INFO: Действие: Отдан статический файл: /script.js
[2025-08-28 20:32:49,377] WARNING: Действие: Файл не найден: /assets/images/dog2.png
[2025-08-28 20:32:49,600] WARNING: Действие: Файл не найден: /assets/images/cat.png
[2025-08-28 20:33:25,295] INFO: Сервер остановлен.
[2025-08-29 06:22:33,742] INFO: Сервер запущен на порту 8000
[2025-08-29 06:22:43,882] INFO: Сервер остановлен.
[2025-08-29 07:36:15,008] INFO: Сервер запущен на порту 8000
[2025-08-29 07:36:19,703] INFO: Действие: Отдан статический файл: /
[2025-08-29 07:36:21,057] INFO: Действие: Отдан статический файл: /style.css
[2025-08-29 07:36:21,059] INFO: Действие: Отдан статический файл: /script.js
[2025-08-29 07:36:21,919] INFO: Действие: Отдан статический файл: /
[2025-08-29 07:36:21,975] WARNING: Действие: Файл не найден: /assets/images/dog2.png
[2025-08-29 07:36:21,981] WARNING: Действие: Файл не найден: /static/dog3.png
[2025-08-29 07:36:22,166] WARNING: Действие: Файл не найден: /favicon.ico
[2025-08-29 07:36:32,186] INFO: Сервер остановлен.
[2025-08-29 10:26:39,758] INFO: Сервер запущен на порту 8000
[2025-08-29 10:26:44,375] INFO: Действие: Отдан статический файл: /
[2025-08-29 10:26:45,319] INFO: Действие: Отдан статический файл: /style.css
[2025-08-29 10:26:45,322] INFO: Действие: Отдан статический файл: /script.js
[2025-08-29 10:26:45,664] INFO: Действие: Отдан статический файл: /
[2025-08-29 10:26:45,730] WARNING: Действие: Файл не найден: /assets/images/dog2.png
[2025-08-29 10:26:45,732] WARNING: Действие: Файл не найден: /static/bird.png
[2025-08-29 10:26:50,980] INFO: Действие: Отдан статический файл: /
[2025-08-29 10:26:51,007] INFO: Действие: Отдан статический файл: /style.css
[2025-08-29 10:26:51,247] INFO: Действие: Отдан статический файл: /script.js
[2025-08-29 10:26:51,340] WARNING: Действие: Файл не найден: /assets/images/dog2.png
[2025-08-29 10:26:51,572] INFO: Действие: Отдан статический файл: /
[2025-08-29 10:26:51,573] WARNING: Действие: Файл не найден: /static/bird.png
[2025-08-29 10:27:32,784] INFO: Действие: Отдан статический файл: /
[2025-08-29 10:27:32,803] INFO: Действие: Отдан статический файл: /style.css
[2025-08-29 10:27:33,045] INFO: Действие: Отдан статический файл: /script.js
[2025-08-29 10:27:33,123] WARNING: Действие: Файл не найден: /assets/images/dog2.png
[2025-08-29 10:27:33,358] INFO: Действие: Отдан статический файл: /
[2025-08-29 10:27:33,362] WARNING: Действие: Файл не найден: /static/dog2.png
[2025-08-29 10:27:46,570] INFO: Действие: Отдан статический файл: /
[2025-08-29 10:27:46,587] INFO: Действие: Отдан статический файл: /style.css
[2025-08-29 10:27:46,837] INFO: Действие: Отдан статический файл: /script.js
[2025-08-29 10:27:46,910] WARNING: Действие: Файл не найден: /assets/images/dog2.png
[2025-08-29 10:27:47,158] INFO: Действие: Отдан статический файл: /
[2025-08-29 10:27:47,159] WARNING: Действие: Файл не найден: /static/bird.png
[2025-08-29 10:28:38,651] INFO: Сервер остановлен.
[2025-08-29 10:29:03,190] INFO: Сервер запущен на порту 8000
[2025-08-29 10:29:09,233] DEBUG: self.path: /
[2025-08-29 10:29:09,234] DEBUG: parsed_path: ParseResult(scheme='', netloc='', path='/', params='', query='', fragment='')
[2025-08-29 10:29:09,234] DEBUG: request_path: /
[2025-08-29 10:29:09,235] DEBUG: parsed_path.query: 
[2025-08-29 10:29:09,235] DEBUG: parsed_path.fragment: 
[2025-08-29 10:29:09,237] INFO: Действие: Отдан статический файл: /
[2025-08-29 10:29:09,251] DEBUG: self.path: /style.css
[2025-08-29 10:29:09,252] DEBUG: parsed_path: ParseResult(scheme='', netloc='', path='/style.css', params='', query='', fragment='')
[2025-08-29 10:29:09,252] DEBUG: request_path: /style.css
[2025-08-29 10:29:09,253] DEBUG: parsed_path.query: 
[2025-08-29 10:29:09,253] DEBUG: parsed_path.fragment: 
[2025-08-29 10:29:09,255] INFO: Действие: Отдан статический файл: /style.css
[2025-08-29 10:29:09,495] DEBUG: self.path: /script.js
[2025-08-29 10:29:09,495] DEBUG: parsed_path: ParseResult(scheme='', netloc='', path='/script.js', params='', query='', fragment='')
[2025-08-29 10:29:09,496] DEBUG: request_path: /script.js
[2025-08-29 10:29:09,497] DEBUG: parsed_path.query: 
[2025-08-29 10:29:09,497] DEBUG: parsed_path.fragment: 
[2025-08-29 10:29:09,499] INFO: Действие: Отдан статический файл: /script.js
[2025-08-29 10:29:09,574] DEBUG: self.path: /assets/images/dog2.png
[2025-08-29 10:29:09,574] DEBUG: parsed_path: ParseResult(scheme='', netloc='', path='/assets/images/dog2.png', params='', query='', fragment='')
[2025-08-29 10:29:09,575] DEBUG: request_path: /assets/images/dog2.png
[2025-08-29 10:29:09,575] DEBUG: parsed_path.query: 
[2025-08-29 10:29:09,576] DEBUG: parsed_path.fragment: 
[2025-08-29 10:29:09,576] WARNING: Действие: Файл не найден: /assets/images/dog2.png
[2025-08-29 10:29:09,824] DEBUG: self.path: /
[2025-08-29 10:29:09,824] DEBUG: parsed_path: ParseResult(scheme='', netloc='', path='/', params='', query='', fragment='')
[2025-08-29 10:29:09,825] DEBUG: request_path: /
[2025-08-29 10:29:09,825] DEBUG: parsed_path.query: 
[2025-08-29 10:29:09,826] DEBUG: parsed_path.fragment: 
[2025-08-29 10:29:09,827] INFO: Действие: Отдан статический файл: /
[2025-08-29 10:29:09,830] DEBUG: self.path: /static/dog3.png
[2025-08-29 10:29:09,831] DEBUG: parsed_path: ParseResult(scheme='', netloc='', path='/static/dog3.png', params='', query='', fragment='')
[2025-08-29 10:29:09,832] DEBUG: request_path: /static/dog3.png
[2025-08-29 10:29:09,832] DEBUG: parsed_path.query: 
[2025-08-29 10:29:09,833] DEBUG: parsed_path.fragment: 
[2025-08-29 10:29:09,834] WARNING: Действие: Файл не найден: /static/dog3.png
[2025-08-29 10:33:58,005] DEBUG: self.path: /
[2025-08-29 10:33:58,005] DEBUG: parsed_path: ParseResult(scheme='', netloc='', path='/', params='', query='', fragment='')
[2025-08-29 10:33:58,006] DEBUG: request_path: /
[2025-08-29 10:33:58,006] DEBUG: parsed_path.query: 
[2025-08-29 10:33:58,007] DEBUG: parsed_path.fragment: 
[2025-08-29 10:33:58,008] INFO: Действие: Отдан статический файл: /
[2025-08-29 10:33:58,029] DEBUG: self.path: /style.css
[2025-08-29 10:33:58,030] DEBUG: parsed_path: ParseResult(scheme='', netloc='', path='/style.css', params='', query='', fragment='')
[2025-08-29 10:33:58,030] DEBUG: request_path: /style.css
[2025-08-29 10:33:58,031] DEBUG: parsed_path.query: 
[2025-08-29 10:33:58,031] DEBUG: parsed_path.fragment: 
[2025-08-29 10:33:58,032] INFO: Действие: Отдан статический файл: /style.css
[2025-08-29 10:33:58,267] DEBUG: self.path: /script.js
[2025-08-29 10:33:58,268] DEBUG: parsed_path: ParseResult(scheme='', netloc='', path='/script.js', params='', query='', fragment='')
[2025-08-29 10:33:58,268] DEBUG: request_path: /script.js
[2025-08-29 10:33:58,269] DEBUG: parsed_path.query: 
[2025-08-29 10:33:58,269] DEBUG: parsed_path.fragment: 
[2025-08-29 10:33:58,270] INFO: Действие: Отдан статический файл: /script.js
[2025-08-29 10:33:58,347] DEBUG: self.path: /
[2025-08-29 10:33:58,348] DEBUG: parsed_path: ParseResult(scheme='', netloc='', path='/', params='', query='', fragment='')
[2025-08-29 10:33:58,348] DEBUG: request_path: /
[2025-08-29 10:33:58,349] DEBUG: parsed_path.query: 
[2025-08-29 10:33:58,349] DEBUG: parsed_path.fragment: 
[2025-08-29 10:33:58,351] INFO: Действие: Отдан статический файл: /
[2025-08-29 10:33:58,592] DEBUG: self.path: /assets/images/dog2.png
[2025-08-29 10:33:58,593] DEBUG: parsed_path: ParseResult(scheme='', netloc='', path='/assets/images/dog2.png', params='', query='', fragment='')
[2025-08-29 10:33:58,593] DEBUG: request_path: /assets/images/dog2.png
[2025-08-29 10:33:58,594] DEBUG: parsed_path.query: 
[2025-08-29 10:33:58,594] DEBUG: parsed_path.fragment: 
[2025-08-29 10:33:58,595] WARNING: Действие: Файл не найден: /assets/images/dog2.png
[2025-08-29 10:33:58,597] DEBUG: self.path: /static/bird.png
[2025-08-29 10:33:58,599] DEBUG: parsed_path: ParseResult(scheme='', netloc='', path='/static/bird.png', params='', query='', fragment='')
[2025-08-29 10:33:58,600] DEBUG: request_path: /static/bird.png
[2025-08-29 10:33:58,601] DEBUG: parsed_path.query: 
[2025-08-29 10:33:58,601] DEBUG: parsed_path.fragment: 
[2025-08-29 10:33:58,602] WARNING: Действие: Файл не найден: /static/bird.png
[2025-08-29 10:48:51,151] INFO: Сервер остановлен.
[2025-08-29 11:19:42,973] INFO: Сервер запущен на порту 8000
[2025-08-29 11:19:48,862] INFO: =============================================
[2025-08-29 11:19:48,862] INFO: self.path: /
[2025-08-29 11:19:48,863] INFO: parsed_path: ParseResult(scheme='', netloc='', path='/', params='', query='', fragment='')
[2025-08-29 11:19:48,863] INFO: request_path: /
[2025-08-29 11:19:48,864] INFO: parsed_path.query: 
[2025-08-29 11:19:48,864] INFO: parsed_path.fragment: 
[2025-08-29 11:19:48,865] INFO: =============================================
[2025-08-29 11:19:48,868] INFO: Действие: Отдан статический файл: /
[2025-08-29 11:19:49,052] INFO: =============================================
[2025-08-29 11:19:49,053] INFO: self.path: /style.css
[2025-08-29 11:19:49,054] INFO: parsed_path: ParseResult(scheme='', netloc='', path='/style.css', params='', query='', fragment='')
[2025-08-29 11:19:49,054] INFO: request_path: /style.css
[2025-08-29 11:19:49,055] INFO: parsed_path.query: 
[2025-08-29 11:19:49,056] INFO: parsed_path.fragment: 
[2025-08-29 11:19:49,056] INFO: =============================================
[2025-08-29 11:19:49,063] INFO: Действие: Отдан статический файл: /style.css
[2025-08-29 11:19:49,120] INFO: =============================================
[2025-08-29 11:19:49,120] INFO: self.path: /script.js
[2025-08-29 11:19:49,121] INFO: parsed_path: ParseResult(scheme='', netloc='', path='/script.js', params='', query='', fragment='')
[2025-08-29 11:19:49,121] INFO: request_path: /script.js
[2025-08-29 11:19:49,122] INFO: parsed_path.query: 
[2025-08-29 11:19:49,123] INFO: parsed_path.fragment: 
[2025-08-29 11:19:49,124] INFO: =============================================
[2025-08-29 11:19:49,126] INFO: Действие: Отдан статический файл: /script.js
[2025-08-29 11:19:49,435] INFO: =============================================
[2025-08-29 11:19:49,439] INFO: self.path: /
[2025-08-29 11:19:49,442] INFO: parsed_path: ParseResult(scheme='', netloc='', path='/', params='', query='', fragment='')
[2025-08-29 11:19:49,444] INFO: request_path: /
[2025-08-29 11:19:49,447] INFO: parsed_path.query: 
[2025-08-29 11:19:49,449] INFO: parsed_path.fragment: 
[2025-08-29 11:19:49,451] INFO: =============================================
[2025-08-29 11:19:49,454] INFO: Действие: Отдан статический файл: /
[2025-08-29 11:19:49,464] INFO: =============================================
[2025-08-29 11:19:49,465] INFO: self.path: /assets/images/dog2.png
[2025-08-29 11:19:49,466] INFO: parsed_path: ParseResult(scheme='', netloc='', path='/assets/images/dog2.png', params='', query='', fragment='')
[2025-08-29 11:19:49,467] INFO: request_path: /assets/images/dog2.png
[2025-08-29 11:19:49,468] INFO: parsed_path.query: 
[2025-08-29 11:19:49,469] INFO: parsed_path.fragment: 
[2025-08-29 11:19:49,470] INFO: =============================================
[2025-08-29 11:19:49,470] WARNING: Действие: Файл не найден: /assets/images/dog2.png
[2025-08-29 11:19:49,472] INFO: =============================================
[2025-08-29 11:19:49,473] INFO: self.path: /static/dog1.png
[2025-08-29 11:19:49,473] INFO: parsed_path: ParseResult(scheme='', netloc='', path='/static/dog1.png', params='', query='', fragment='')
[2025-08-29 11:19:49,474] INFO: request_path: /static/dog1.png
[2025-08-29 11:19:49,474] INFO: parsed_path.query: 
[2025-08-29 11:19:49,475] INFO: parsed_path.fragment: 
[2025-08-29 11:19:49,476] INFO: =============================================
[2025-08-29 11:19:49,476] WARNING: Действие: Файл не найден: /static/dog1.png
[2025-08-29 11:20:48,429] INFO: Действие: Изображение 'IMG_20250623_141702_930.jpg' (сохранено как '6db2a51e9db04f0485f0928467752ad4.jpg') успешно загружено. Ссылка: /images/6db2a51e9db04f0485f0928467752ad4.jpg
[2025-08-29 11:21:14,748] INFO: =============================================
[2025-08-29 11:21:14,750] INFO: self.path: /images/6db2a51e9db04f0485f0928467752ad4.jpg
[2025-08-29 11:21:14,751] INFO: parsed_path: ParseResult(scheme='', netloc='', path='/images/6db2a51e9db04f0485f0928467752ad4.jpg', params='', query='', fragment='')
[2025-08-29 11:21:14,752] INFO: request_path: /images/6db2a51e9db04f0485f0928467752ad4.jpg
[2025-08-29 11:21:14,753] INFO: parsed_path.query: 
[2025-08-29 11:21:14,755] INFO: parsed_path.fragment: 
[2025-08-29 11:21:14,756] INFO: =============================================
[2025-08-29 11:21:14,759] INFO: Действие: Отдано изображение: /images/6db2a51e9db04f0485f0928467752ad4.jpg
[2025-08-29 11:21:39,228] INFO: =============================================
[2025-08-29 11:21:39,229] INFO: self.path: /images/6db2a51e9db04f0485f0928467752ad4.jpg
[2025-08-29 11:21:39,229] INFO: parsed_path: ParseResult(scheme='', netloc='', path='/images/6db2a51e9db04f0485f0928467752ad4.jpg', params='', query='', fragment='')
[2025-08-29 11:21:39,230] INFO: request_path: /images/6db2a51e9db04f0485f0928467752ad4.jpg
[2025-08-29 11:21:39,230] INFO: parsed_path.query: 
[2025-08-29 11:21:39,231] INFO: parsed_path.fragment: 
[2025-08-29 11:21:39,231] INFO: =============================================
[2025-08-29 11:21:39,232] INFO: Действие: Отдано изображение: /images/6db2a51e9db04f0485f0928467752ad4.jpg
[2025-08-29 11:22:03,875] INFO: Сервер остановлен.
[2025-08-29 11:25:43,150] INFO: Сервер запущен на порту 8000
[2025-08-29 11:25:49,095] INFO: =============================================
[2025-08-29 11:25:49,096] INFO: self.path: /
[2025-08-29 11:25:49,097] INFO: parsed_path: ParseResult(scheme='', netloc='', path='/', params='', query='', fragment='')
[2025-08-29 11:25:49,097] INFO: request_path: /
[2025-08-29 11:25:49,098] INFO: parsed_path.query: 
[2025-08-29 11:25:49,098] INFO: parsed_path.fragment: 
[2025-08-29 11:25:49,099] INFO: =============================================
[2025-08-29 11:25:49,099] INFO: file_path: static\index.html
[2025-08-29 11:25:49,101] INFO: Действие: Отдан статический файл: /
[2025-08-29 11:25:49,128] INFO: =============================================
[2025-08-29 11:25:49,130] INFO: self.path: /style.css
[2025-08-29 11:25:49,131] INFO: parsed_path: ParseResult(scheme='', netloc='', path='/style.css', params='', query='', fragment='')
[2025-08-29 11:25:49,132] INFO: request_path: /style.css
[2025-08-29 11:25:49,132] INFO: parsed_path.query: 
[2025-08-29 11:25:49,133] INFO: parsed_path.fragment: 
[2025-08-29 11:25:49,134] INFO: =============================================
[2025-08-29 11:25:49,134] INFO: file_path: static\style.css
[2025-08-29 11:25:49,137] INFO: Действие: Отдан статический файл: /style.css
[2025-08-29 11:25:49,344] INFO: =============================================
[2025-08-29 11:25:49,344] INFO: self.path: /script.js
[2025-08-29 11:25:49,345] INFO: parsed_path: ParseResult(scheme='', netloc='', path='/script.js', params='', query='', fragment='')
[2025-08-29 11:25:49,346] INFO: request_path: /script.js
[2025-08-29 11:25:49,346] INFO: parsed_path.query: 
[2025-08-29 11:25:49,347] INFO: parsed_path.fragment: 
[2025-08-29 11:25:49,347] INFO: =============================================
[2025-08-29 11:25:49,348] INFO: file_path: static\script.js
[2025-08-29 11:25:49,350] INFO: Действие: Отдан статический файл: /script.js
[2025-08-29 11:25:49,472] INFO: =============================================
[2025-08-29 11:25:49,475] INFO: self.path: /
[2025-08-29 11:25:49,478] INFO: parsed_path: ParseResult(scheme='', netloc='', path='/', params='', query='', fragment='')
[2025-08-29 11:25:49,480] INFO: request_path: /
[2025-08-29 11:25:49,482] INFO: parsed_path.query: 
[2025-08-29 11:25:49,483] INFO: parsed_path.fragment: 
[2025-08-29 11:25:49,485] INFO: =============================================
[2025-08-29 11:25:49,487] INFO: file_path: static\index.html
[2025-08-29 11:25:49,489] INFO: Действие: Отдан статический файл: /
[2025-08-29 11:25:49,674] INFO: =============================================
[2025-08-29 11:25:49,674] INFO: self.path: /assets/images/dog2.png
[2025-08-29 11:25:49,675] INFO: parsed_path: ParseResult(scheme='', netloc='', path='/assets/images/dog2.png', params='', query='', fragment='')
[2025-08-29 11:25:49,675] INFO: request_path: /assets/images/dog2.png
[2025-08-29 11:25:49,676] INFO: parsed_path.query: 
[2025-08-29 11:25:49,676] INFO: parsed_path.fragment: 
[2025-08-29 11:25:49,677] INFO: =============================================
[2025-08-29 11:25:49,677] INFO: file_path: static\assets/images/dog2.png
[2025-08-29 11:25:49,678] WARNING: Действие: Файл не найден: /assets/images/dog2.png
[2025-08-29 11:25:49,679] INFO: =============================================
[2025-08-29 11:25:49,679] INFO: self.path: /static/bird.png
[2025-08-29 11:25:49,680] INFO: parsed_path: ParseResult(scheme='', netloc='', path='/static/bird.png', params='', query='', fragment='')
[2025-08-29 11:25:49,680] INFO: request_path: /static/bird.png
[2025-08-29 11:25:49,681] INFO: parsed_path.query: 
[2025-08-29 11:25:49,681] INFO: parsed_path.fragment: 
[2025-08-29 11:25:49,682] INFO: =============================================
[2025-08-29 11:25:49,683] INFO: file_path: static/bird.png
[2025-08-29 11:25:49,683] WARNING: Действие: Файл не найден: /static/bird.png
[2025-08-29 11:32:26,677] INFO: Сервер остановлен.
[2025-08-29 15:29:41,596] INFO: Сервер запущен на порту 8000
[2025-08-29 15:29:54,671] INFO: ??????????????????????????
[2025-08-29 15:29:54,671] INFO: Host: localhost:8000
Connection: keep-alive
Content-Length: 142924
sec-ch-ua-platform: "Windows"
User-Agent: Mozilla/5.0 (Windows NT 10.0; Win64; x64) AppleWebKit/537.36 (KHTML, like Gecko) Chrome/135.0.0.0 Safari/537.36 OPR/120.0.0.0
sec-ch-ua: "Opera";v="120", "Not-A.Brand";v="8", "Chromium";v="135"
Content-Type: multipart/form-data; boundary=----WebKitFormBoundaryBvMlmPT0YyBn3V2o
sec-ch-ua-mobile: ?0
Accept: */*
Origin: http://localhost:8000
Sec-Fetch-Site: same-origin
Sec-Fetch-Mode: cors
Sec-Fetch-Dest: empty
Referer: http://localhost:8000/
Accept-Encoding: gzip, deflate, br, zstd
Accept-Language: ru-RU,ru;q=0.9,en-US;q=0.8,en;q=0.7
Cookie: adminer_key=9524b2c89fc29104fb20915db7297248; adminer_sid=a9b7493e49bda8b1c748d49f68e9acbe


[2025-08-29 15:29:54,681] INFO: ??????????????????????????
[2025-08-29 15:29:54,758] INFO: Действие: Изображение '71780effdb9b41822ac43a7a67d68df3.jpg' (сохранено как 'f452e5a5c8354985a8919180853d23e2.jpg') успешно загружено. Ссылка: /images/f452e5a5c8354985a8919180853d23e2.jpg
[2025-08-29 15:34:38,254] INFO: Сервер остановлен.
[2025-08-29 15:34:41,680] INFO: Сервер запущен на порту 8000
[2025-08-29 15:34:54,419] INFO: Действие: Отдан статический файл: /
[2025-08-29 15:34:54,614] INFO: Действие: Отдан статический файл: /style.css
[2025-08-29 15:34:54,680] INFO: Действие: Отдан статический файл: /script.js
[2025-08-29 15:34:54,971] INFO: Действие: Отдан статический файл: /
[2025-08-29 15:34:55,107] WARNING: Действие: Файл не найден: /assets/images/dog2.png
[2025-08-29 15:34:55,114] WARNING: Действие: Файл не найден: /static/dog2.png
[2025-08-29 15:35:01,594] INFO: ??????????????????????????
[2025-08-29 15:35:01,595] INFO: === HTTP HEADERS ===
[2025-08-29 15:35:01,596] INFO: Host: localhost:8000
[2025-08-29 15:35:01,596] INFO: Connection: keep-alive
[2025-08-29 15:35:01,597] INFO: Content-Length: 142924
[2025-08-29 15:35:01,597] INFO: sec-ch-ua-platform: "Windows"
[2025-08-29 15:35:01,598] INFO: User-Agent: Mozilla/5.0 (Windows NT 10.0; Win64; x64) AppleWebKit/537.36 (KHTML, like Gecko) Chrome/135.0.0.0 Safari/537.36 OPR/120.0.0.0
[2025-08-29 15:35:01,598] INFO: sec-ch-ua: "Opera";v="120", "Not-A.Brand";v="8", "Chromium";v="135"
[2025-08-29 15:35:01,599] INFO: Content-Type: multipart/form-data; boundary=----WebKitFormBoundaryJo2sZq0McUY8MSl8
[2025-08-29 15:35:01,599] INFO: sec-ch-ua-mobile: ?0
[2025-08-29 15:35:01,600] INFO: Accept: */*
[2025-08-29 15:35:01,600] INFO: Origin: http://localhost:8000
[2025-08-29 15:35:01,601] INFO: Sec-Fetch-Site: same-origin
[2025-08-29 15:35:01,601] INFO: Sec-Fetch-Mode: cors
[2025-08-29 15:35:01,602] INFO: Sec-Fetch-Dest: empty
[2025-08-29 15:35:01,602] INFO: Referer: http://localhost:8000/
[2025-08-29 15:35:01,603] INFO: Accept-Encoding: gzip, deflate, br, zstd
[2025-08-29 15:35:01,603] INFO: Accept-Language: ru-RU,ru;q=0.9,en-US;q=0.8,en;q=0.7
[2025-08-29 15:35:01,604] INFO: Cookie: adminer_key=9524b2c89fc29104fb20915db7297248; adminer_sid=a9b7493e49bda8b1c748d49f68e9acbe
[2025-08-29 15:35:01,604] INFO: ??????????????????????????
[2025-08-29 15:35:01,663] INFO: Действие: Изображение '71780effdb9b41822ac43a7a67d68df3.jpg' (сохранено как '97a07374e06c41778d2c7e0756d3e7c7.jpg') успешно загружено. Ссылка: /images/97a07374e06c41778d2c7e0756d3e7c7.jpg
[2025-08-29 15:44:02,676] INFO: Сервер остановлен.
